2023/02/06 Mon 17:52:43.808670 [13489 4288796][INFO] SubConverter v0.7.2 starting up..
]0;SubConverter v0.7.22023/02/06 Mon 17:52:43.813363 [13489 4288796][INFO] Reading preference settings...
2023/02/06 Mon 17:52:43.813459 [13489 4288796][FATL] Unable to load preference settings. Reason: line 0: Target does not exist
2023/02/06 Mon 17:52:43.813529 [13489 4288796][INFO] Startup completed. Serving HTTP @ http://127.0.0.1:25500
2023/02/06 Mon 17:52:44.878719 [13489 4288796][FATL] Interrupt signal 15 received. Exiting gracefully...
2023/02/07 Tue 15:51:32.820209 [279 10739128][INFO] SubConverter v0.7.2 starting up..
]0;SubConverter v0.7.22023/02/07 Tue 15:51:32.820735 [279 10739128][INFO] Reading preference settings...
2023/02/07 Tue 15:51:32.820791 [279 10739128][FATL] Unable to load preference settings. Reason: line 0: Target does not exist
2023/02/07 Tue 15:51:32.820830 [279 10739128][INFO] Startup completed. Serving HTTP @ http://127.0.0.1:25500
2023/02/07 Tue 16:54:11.924816 [29596 10739128][INFO] SubConverter v0.7.2 starting up..
]0;SubConverter v0.7.22023/02/07 Tue 16:54:11.925819 [29596 10739128][INFO] Reading preference settings...
2023/02/07 Tue 16:54:11.926095 [29596 10739128][FATL] Unable to load preference settings. Reason: line 0: Target does not exist
2023/02/07 Tue 16:54:11.926205 [29596 10739128][INFO] Startup completed. Serving HTTP @ http://127.0.0.1:25500
2023/02/07 Tue 16:54:30.946927 [29596 139803915967288][INFO] Fetching node data from url '/tmp/tmp.OGqaVPbOhh'.
2023/02/07 Tue 16:54:31.039362 [29596 139803915967288][INFO] Generate target: v2rayN
2023/02/07 Tue 16:54:31.040983 [29596 139803915967288][INFO] Generate completed.
2023/02/07 Tue 16:54:31.046812 [29596 139803915967288][INFO] Fetching node data from url '/tmp/tmp.OGqaVPbOhh'.
2023/02/07 Tue 16:54:31.119273 [29596 139803915967288][INFO] Generate target: Trojan
2023/02/07 Tue 16:54:31.119619 [29596 139803915967288][INFO] Generate completed.
2023/02/07 Tue 16:54:31.124691 [29596 139803915967288][INFO] Fetching node data from url '/tmp/tmp.OGqaVPbOhh'.
2023/02/07 Tue 16:54:31.196030 [29596 139803915967288][INFO] Generate target: SS Subscription
2023/02/07 Tue 16:54:31.200792 [29596 139803915967288][ERRO] filesystem error: cannot make canonical path: No such file or directory [templates]
2023/02/07 Tue 16:54:31.201269 [29596 139803915967288][INFO] Generate completed.
2023/02/07 Tue 16:54:33.576599 [29596 10739128][FATL] Interrupt signal 15 received. Exiting gracefully...
